<?xml version="1.0" encoding="UTF-8"?>
<!-- Generated by org.testng.reporters.JUnitReportReporter -->
<testsuite skipped="0" hostname="Indranil-pandey" name="org.koo.webautomation.test.PeoplePageTest" tests="1" failures="0" timestamp="2021-12-07T03:02:16 IST" time="21.409" errors="0">
  <testcase name="testPeopleCategory" time="21.409" classname="org.koo.webautomation.test.PeoplePageTest"/>
  <system-out/>
</testsuite> <!-- org.koo.webautomation.test.PeoplePageTest -->
